<?xml version="1.0" encoding="UTF-8"?>
<!-- Generated by org.testng.reporters.JUnitReportReporter -->
<testsuite hostname="DESKTOP-NS1PU1H" failures="0" tests="5" name="ece.UserValidationTest" time="0.014" errors="0" timestamp="2023-11-06T23:28:42 GMT-05:00" skipped="0">
  <testcase classname="ece.UserValidationTest" name="testCase1" time="0.011"/>
  <testcase classname="ece.UserValidationTest" name="testCase4" time="0.001"/>
  <testcase classname="ece.UserValidationTest" name="testCase3" time="0.000"/>
  <testcase classname="ece.UserValidationTest" name="testCase2" time="0.001"/>
  <testcase classname="ece.UserValidationTest" name="testCase5" time="0.001"/>
</testsuite> <!-- ece.UserValidationTest -->
